mode: set
github.com/TulioGuaraldoB/car-app/application/carApplication.go:21.81,25.2 1 1
github.com/TulioGuaraldoB/car-app/application/carApplication.go:27.61,29.2 1 1
github.com/TulioGuaraldoB/car-app/application/carApplication.go:31.70,33.2 1 1
github.com/TulioGuaraldoB/car-app/application/carApplication.go:35.77,37.2 1 1
github.com/TulioGuaraldoB/car-app/application/carApplication.go:39.89,41.2 1 1
github.com/TulioGuaraldoB/car-app/application/carApplication.go:43.59,45.2 1 1
github.com/TulioGuaraldoB/car-app/application/carApplication.go:47.54,49.2 1 1
github.com/TulioGuaraldoB/car-app/application/userApplication.go:19.85,23.2 1 1
github.com/TulioGuaraldoB/car-app/application/userApplication.go:27.64,29.2 1 1
github.com/TulioGuaraldoB/car-app/application/userApplication.go:31.70,33.2 1 1
github.com/TulioGuaraldoB/car-app/application/userApplication.go:35.72,37.2 1 1
github.com/TulioGuaraldoB/car-app/application/userApplication.go:39.63,41.2 1 1
github.com/TulioGuaraldoB/car-app/infrastructure/persistence/carRepository.go:13.62,17.2 1 1
github.com/TulioGuaraldoB/car-app/infrastructure/persistence/carRepository.go:19.60,21.47 2 1
github.com/TulioGuaraldoB/car-app/infrastructure/persistence/carRepository.go:25.2,25.18 1 1
github.com/TulioGuaraldoB/car-app/infrastructure/persistence/carRepository.go:21.47,23.3 1 1
github.com/TulioGuaraldoB/car-app/infrastructure/persistence/carRepository.go:28.69,30.55 2 1
github.com/TulioGuaraldoB/car-app/infrastructure/persistence/carRepository.go:34.2,34.18 1 1
github.com/TulioGuaraldoB/car-app/infrastructure/persistence/carRepository.go:30.55,32.3 1 1
github.com/TulioGuaraldoB/car-app/infrastructure/persistence/carRepository.go:37.76,39.74 2 1
github.com/TulioGuaraldoB/car-app/infrastructure/persistence/carRepository.go:43.2,43.18 1 1
github.com/TulioGuaraldoB/car-app/infrastructure/persistence/carRepository.go:39.74,41.3 1 1
github.com/TulioGuaraldoB/car-app/infrastructure/persistence/carRepository.go:46.88,48.89 2 1
github.com/TulioGuaraldoB/car-app/infrastructure/persistence/carRepository.go:52.2,52.18 1 1
github.com/TulioGuaraldoB/car-app/infrastructure/persistence/carRepository.go:48.89,50.3 1 1
github.com/TulioGuaraldoB/car-app/infrastructure/persistence/carRepository.go:55.58,57.2 1 1
github.com/TulioGuaraldoB/car-app/infrastructure/persistence/carRepository.go:59.53,61.2 1 1
github.com/TulioGuaraldoB/car-app/infrastructure/persistence/userRepository.go:13.64,17.2 1 1
github.com/TulioGuaraldoB/car-app/infrastructure/persistence/userRepository.go:19.63,21.48 2 1
github.com/TulioGuaraldoB/car-app/infrastructure/persistence/userRepository.go:25.2,25.19 1 1
github.com/TulioGuaraldoB/car-app/infrastructure/persistence/userRepository.go:21.48,23.3 1 1
github.com/TulioGuaraldoB/car-app/infrastructure/persistence/userRepository.go:28.69,30.57 2 1
github.com/TulioGuaraldoB/car-app/infrastructure/persistence/userRepository.go:34.2,34.18 1 1
github.com/TulioGuaraldoB/car-app/infrastructure/persistence/userRepository.go:30.57,32.3 1 1
github.com/TulioGuaraldoB/car-app/infrastructure/persistence/userRepository.go:37.71,39.2 1 0
github.com/TulioGuaraldoB/car-app/infrastructure/persistence/userRepository.go:41.62,43.2 1 1
